Determining if the pthread_create exist failed with the following output:
Change Dir: /home/saif/workspace/test_pcl/build/CMakeFiles/CMakeTmp

Run Build Command:"/usr/bin/make" "cmTC_49d7f/fast"
/usr/bin/make -f CMakeFiles/cmTC_49d7f.dir/build.make CMakeFiles/cmTC_49d7f.dir/build
make[1]: Entering directory '/home/saif/workspace/test_pcl/build/CMakeFiles/CMakeTmp'
Building C object CMakeFiles/cmTC_49d7f.dir/CheckSymbolExists.c.o
/usr/bin/cc     -o CMakeFiles/cmTC_49d7f.dir/CheckSymbolExists.c.o   -c /home/saif/workspace/test_pcl/build/CMakeFiles/CMakeTmp/CheckSymbolExists.c
Linking C executable cmTC_49d7f
/usr/bin/cmake -E cmake_link_script CMakeFiles/cmTC_49d7f.dir/link.txt --verbose=1
/usr/bin/cc       CMakeFiles/cmTC_49d7f.dir/CheckSymbolExists.c.o  -o cmTC_49d7f -rdynamic 
CMakeFiles/cmTC_49d7f.dir/CheckSymbolExists.c.o: In function `main':
CheckSymbolExists.c:(.text+0x16): undefined reference to `pthread_create'
collect2: error: ld returned 1 exit status
CMakeFiles/cmTC_49d7f.dir/build.make:97: recipe for target 'cmTC_49d7f' failed
make[1]: *** [cmTC_49d7f] Error 1
make[1]: Leaving directory '/home/saif/workspace/test_pcl/build/CMakeFiles/CMakeTmp'
Makefile:126: recipe for target 'cmTC_49d7f/fast' failed
make: *** [cmTC_49d7f/fast] Error 2

File /home/saif/workspace/test_pcl/build/CMakeFiles/CMakeTmp/CheckSymbolExists.c:
/* */
#include <pthread.h>

int main(int argc, char** argv)
{
  (void)argv;
#ifndef pthread_create
  return ((int*)(&pthread_create))[argc];
#else
  (void)argc;
  return 0;
#endif
}

Determining if the function pthread_create exists in the pthreads failed with the following output:
Change Dir: /home/saif/workspace/test_pcl/build/CMakeFiles/CMakeTmp

Run Build Command:"/usr/bin/make" "cmTC_17d37/fast"
/usr/bin/make -f CMakeFiles/cmTC_17d37.dir/build.make CMakeFiles/cmTC_17d37.dir/build
make[1]: Entering directory '/home/saif/workspace/test_pcl/build/CMakeFiles/CMakeTmp'
Building C object CMakeFiles/cmTC_17d37.dir/CheckFunctionExists.c.o
/usr/bin/cc    -DCHECK_FUNCTION_EXISTS=pthread_create   -o CMakeFiles/cmTC_17d37.dir/CheckFunctionExists.c.o   -c /usr/share/cmake-3.5/Modules/CheckFunctionExists.c
Linking C executable cmTC_17d37
/usr/bin/cmake -E cmake_link_script CMakeFiles/cmTC_17d37.dir/link.txt --verbose=1
/usr/bin/cc   -DCHECK_FUNCTION_EXISTS=pthread_create    CMakeFiles/cmTC_17d37.dir/CheckFunctionExists.c.o  -o cmTC_17d37 -rdynamic -lpthreads 
/usr/bin/ld: cannot find -lpthreads
collect2: error: ld returned 1 exit status
CMakeFiles/cmTC_17d37.dir/build.make:97: recipe for target 'cmTC_17d37' failed
make[1]: *** [cmTC_17d37] Error 1
make[1]: Leaving directory '/home/saif/workspace/test_pcl/build/CMakeFiles/CMakeTmp'
Makefile:126: recipe for target 'cmTC_17d37/fast' failed
make: *** [cmTC_17d37/fast] Error 2


